mkOAUrlsLOCALOPT
#1 - 1 chans ASILVA-CENTRO_CULTURAL_DE_CASCAIS-B_FORMAT-DF.WAV
#2 - 1 chans ASILVA-CENTRO_CULTURAL_DE_CASCAIS-B_FORMAT-DT.WAV
#3 - 1 chans ASILVA-CENTRO_CULTURAL_DE_CASCAIS-B_FORMAT-EF.WAV
#4 - 1 chans ASILVA-CENTRO_CULTURAL_DE_CASCAIS-B_FORMAT-ET.WAV
#5 - 4 chans AUDIOLAB-FALKLAND_PALACE_BOTTLE_DUNGEON-B_FORMAT-BOTTLEDUNGEON1_SF_EDITED.WAV
#6 - 4 chans AUDIOLAB-FALKLAND_PALACE_ROYAL_TENNIS_CO-B_FORMAT-FALKLAND_TENNIS_COURT_B_FORMAT.WAV
#7 - 1 chans AUDIOLAB-FALKLAND_PALACE_ROYAL_TENNIS_CO-MONO-FALKLAND_TENNIS_COURT_OMNI.WAV
#8 - 2 chans AUDIOLAB-FALKLAND_PALACE_ROYAL_TENNIS_CO-STEREO-FALKLAND_TENNIS_COURT_ORTF.WAV
#9 - 6 chans AUDIOLAB-FALKLAND_PALACE_ROYAL_TENNIS_CO-SURROUND_5_1-FALKLAND_TENNIS_COURT_5_0.WAV
#10 - 4 chans AUDIOLAB-GILL_HEADS_MINE-B_FORMAT-MINE_SITE1_1WAY_BFORMAT.WAV
#11 - 4 chans AUDIOLAB-GILL_HEADS_MINE-B_FORMAT-MINE_SITE1_2WAY_BFORMAT.WAV
#12 - 4 chans AUDIOLAB-GILL_HEADS_MINE-B_FORMAT-MINE_SITE2_1WAY_BFORMAT.WAV
#13 - 4 chans AUDIOLAB-GILL_HEADS_MINE-B_FORMAT-MINE_SITE2_2WAY_BFORMAT.WAV
#14 - 1 chans AUDIOLAB-GILL_HEADS_MINE-MONO-MINE_SITE1_1WAY_MONO.WAV
#15 - 1 chans AUDIOLAB-GILL_HEADS_MINE-MONO-MINE_SITE1_2WAY_MONO.WAV
#16 - 1 chans AUDIOLAB-GILL_HEADS_MINE-MONO-MINE_SITE2_1WAY_MONO.WAV
#17 - 1 chans AUDIOLAB-GILL_HEADS_MINE-MONO-MINE_SITE2_2WAY_MONO.WAV
#18 - 4 chans AUDIOLAB-HAMILTON_MAUSOLEUM-B_FORMAT-HM2_000_BFORMAT_48K.WAV
#19 - 2 chans AUDIOLAB-HAMILTON_MAUSOLEUM-STEREO-HM2_000_ORTF_48K.WAV
#20 - 6 chans AUDIOLAB-HAMILTON_MAUSOLEUM-SURROUND_5_1-HM_WILLIAMS.WAV
#21 - 4 chans AUDIOLAB-KOLI_NATIONAL_PARK_SUMMER-B_FORMAT-KOLI_SUMMER_SITE1_1WAY_BFORMAT.WAV
#22 - 4 chans AUDIOLAB-KOLI_NATIONAL_PARK_SUMMER-B_FORMAT-KOLI_SUMMER_SITE1_4WAY_BFORMAT.WAV
#23 - 4 chans AUDIOLAB-KOLI_NATIONAL_PARK_SUMMER-B_FORMAT-KOLI_SUMMER_SITE2_1WAY_BFORMAT.WAV
#24 - 4 chans AUDIOLAB-KOLI_NATIONAL_PARK_SUMMER-B_FORMAT-KOLI_SUMMER_SITE2_4WAY_BFORMAT.WAV
#25 - 4 chans AUDIOLAB-KOLI_NATIONAL_PARK_SUMMER-B_FORMAT-KOLI_SUMMER_SITE3_1WAY_BFORMAT.WAV
#26 - 4 chans AUDIOLAB-KOLI_NATIONAL_PARK_SUMMER-B_FORMAT-KOLI_SUMMER_SITE3_4WAY_BFORMAT.WAV
#27 - 4 chans AUDIOLAB-KOLI_NATIONAL_PARK_SUMMER-B_FORMAT-KOLI_SUMMER_SITE4_1WAY_BFORMAT.WAV
#28 - 4 chans AUDIOLAB-KOLI_NATIONAL_PARK_SUMMER-B_FORMAT-KOLI_SUMMER_SITE4_4WAY_BFORMAT.WAV
#29 - 1 chans AUDIOLAB-KOLI_NATIONAL_PARK_SUMMER-MONO-KOLI_SUMMER_SITE1_1WAY_MONO.WAV
#30 - 1 chans AUDIOLAB-KOLI_NATIONAL_PARK_SUMMER-MONO-KOLI_SUMMER_SITE1_4WAY_MONO.WAV
#31 - 1 chans AUDIOLAB-KOLI_NATIONAL_PARK_SUMMER-MONO-KOLI_SUMMER_SITE2_1WAY_MONO.WAV
#32 - 1 chans AUDIOLAB-KOLI_NATIONAL_PARK_SUMMER-MONO-KOLI_SUMMER_SITE2_4WAY_MONO.WAV
#33 - 1 chans AUDIOLAB-KOLI_NATIONAL_PARK_SUMMER-MONO-KOLI_SUMMER_SITE3_1WAY_MONO.WAV
#34 - 1 chans AUDIOLAB-KOLI_NATIONAL_PARK_SUMMER-MONO-KOLI_SUMMER_SITE3_4WAY_MONO.WAV
#35 - 1 chans AUDIOLAB-KOLI_NATIONAL_PARK_SUMMER-MONO-KOLI_SUMMER_SITE4_1WAY_MONO.WAV
#36 - 1 chans AUDIOLAB-KOLI_NATIONAL_PARK_SUMMER-MONO-KOLI_SUMMER_SITE4_4WAY_MONO.WAV
#37 - 4 chans AUDIOLAB-LADY_CHAPEL_ST_ALBANS_CATHEDRAL-B_FORMAT-STALBANS_A_WXYZ.WAV
#38 - 4 chans AUDIOLAB-LADY_CHAPEL_ST_ALBANS_CATHEDRAL-B_FORMAT-STALBANS_B_WXYZ.WAV
#39 - 1 chans AUDIOLAB-LADY_CHAPEL_ST_ALBANS_CATHEDRAL-MONO-STALBANS_A_MONO.WAV
#40 - 1 chans AUDIOLAB-LADY_CHAPEL_ST_ALBANS_CATHEDRAL-MONO-STALBANS_B_MONO.WAV
#41 - 1 chans AUDIOLAB-LADY_CHAPEL_ST_ALBANS_CATHEDRAL-MONO-STALBANS_OMNI.WAV
#42 - 2 chans AUDIOLAB-LADY_CHAPEL_ST_ALBANS_CATHEDRAL-STEREO-STALBANS_A_BINAURAL.WAV
#43 - 2 chans AUDIOLAB-LADY_CHAPEL_ST_ALBANS_CATHEDRAL-STEREO-STALBANS_A_ORTF.WAV
#44 - 2 chans AUDIOLAB-LADY_CHAPEL_ST_ALBANS_CATHEDRAL-STEREO-STALBANS_B_BINAURAL.WAV
#45 - 2 chans AUDIOLAB-LADY_CHAPEL_ST_ALBANS_CATHEDRAL-STEREO-STALBANS_B_ORTF.WAV
#46 - 6 chans AUDIOLAB-LADY_CHAPEL_ST_ALBANS_CATHEDRAL-SURROUND_5_1-STALBANS_A_WILLIAMS.WAV
#47 - 6 chans AUDIOLAB-LADY_CHAPEL_ST_ALBANS_CATHEDRAL-SURROUND_5_1-STALBANS_B_WILLIAMS.WAV
#48 - 4 chans AUDIOLAB-MAES_HOWE-B_FORMAT-MH3_000_BFORMAT_48K.WAV
#49 - 2 chans AUDIOLAB-MAES_HOWE-STEREO-MH3_000_ORTF_48K.WAV
#50 - 4 chans AUDIOLAB-R1_NUCLEAR_REACTOR_HALL-B_FORMAT-R1_BFORMAT.WAV
#51 - 4 chans AUDIOLAB-R1_NUCLEAR_REACTOR_HALL-B_FORMAT-R1_BFORMAT_48K.WAV
#52 - 1 chans AUDIOLAB-R1_NUCLEAR_REACTOR_HALL-MONO-R1_OMNI.WAV
#53 - 1 chans AUDIOLAB-R1_NUCLEAR_REACTOR_HALL-MONO-R1_OMNI_48K.WAV
#54 - 2 chans AUDIOLAB-R1_NUCLEAR_REACTOR_HALL-STEREO-R1_ORTF.WAV
#55 - 2 chans AUDIOLAB-R1_NUCLEAR_REACTOR_HALL-STEREO-R1_ORTF_48K.WAV
#56 - 6 chans AUDIOLAB-R1_NUCLEAR_REACTOR_HALL-SURROUND_5_1-R1_WILLIAMS.WAV
#57 - 6 chans AUDIOLAB-R1_NUCLEAR_REACTOR_HALL-SURROUND_5_1-R1_WILLIAMS_48K.WAV
#58 - 4 chans AUDIOLAB-SPORTS_CENTRE_UNIVERSITY_YORK-B_FORMAT-SPORTSCENTRE_WXYZ.WAV
#59 - 1 chans AUDIOLAB-SPORTS_CENTRE_UNIVERSITY_YORK-MONO-SPORTSCENTRE_CARDIOID.WAV
#60 - 1 chans AUDIOLAB-SPORTS_CENTRE_UNIVERSITY_YORK-MONO-SPORTSCENTRE_OMNI.WAV
#61 - 2 chans AUDIOLAB-SPORTS_CENTRE_UNIVERSITY_YORK-STEREO-SPORTSCENTRE_ORTF.WAV
#62 - 6 chans AUDIOLAB-SPORTS_CENTRE_UNIVERSITY_YORK-SURROUND_5_1-SPORTSCENTRE_WILLIAMS.WAV
#63 - 4 chans AUDIOLAB-ST_ANDREWS_CHURCH-B_FORMAT-LYD3_000_BFORMAT_48K.WAV
#64 - 2 chans AUDIOLAB-ST_ANDREWS_CHURCH-STEREO-LYD3_000_ORTF_48K.WAV
#65 - 1 chans AUDIOLAB-ST_MARYS_ABBEY_RECONSTRUCTION-B_FORMAT-PHASE1_BFORMAT.WAV
#66 - 4 chans AUDIOLAB-ST_MARYS_ABBEY_RECONSTRUCTION-B_FORMAT-PHASE1_BFORMAT_CATT.WAV
#67 - 4 chans AUDIOLAB-ST_MARYS_ABBEY_RECONSTRUCTION-B_FORMAT-PHASE2_BFORMAT.WAV
#68 - 4 chans AUDIOLAB-ST_MARYS_ABBEY_RECONSTRUCTION-B_FORMAT-PHASE3_BFORMAT.WAV
#69 - 2 chans AUDIOLAB-ST_MARYS_ABBEY_RECONSTRUCTION-STEREO-PHASE1_STEREO.WAV
#70 - 2 chans AUDIOLAB-ST_MARYS_ABBEY_RECONSTRUCTION-STEREO-PHASE2_STEREO.WAV
#71 - 2 chans AUDIOLAB-ST_MARYS_ABBEY_RECONSTRUCTION-STEREO-PHASE3_STEREO.WAV
#72 - 4 chans AUDIOLAB-ST_PATRICKS_CHURCH_PATRINGTON-B_FORMAT-SOUNDFIELD_S1R1.WAV
#73 - 4 chans AUDIOLAB-ST_PATRICKS_CHURCH_PATRINGTON-B_FORMAT-SOUNDFIELD_S2R2.WAV
#74 - 4 chans AUDIOLAB-ST_PATRICKS_CHURCH_PATRINGTON-B_FORMAT-SOUNDFIELD_S3R3.WAV
#75 - 2 chans AUDIOLAB-ST_PATRICKS_CHURCH_PATRINGTON-STEREO-ORTF_S1R1.WAV
#76 - 2 chans AUDIOLAB-ST_PATRICKS_CHURCH_PATRINGTON-STEREO-ORTF_S2R2.WAV
#77 - 2 chans AUDIOLAB-ST_PATRICKS_CHURCH_PATRINGTON-STEREO-ORTF_S3R3.WAV
#78 - 4 chans AUDIOLAB-ST_PATRICKS_CHURCH_PATRINGTON_M-B_FORMAT-STPATRICKS_S1R1.WAV
#79 - 4 chans AUDIOLAB-ST_PATRICKS_CHURCH_PATRINGTON_M-B_FORMAT-STPATRICKS_S2R2.WAV
#80 - 4 chans AUDIOLAB-ST_PATRICKS_CHURCH_PATRINGTON_M-B_FORMAT-STPATRICKS_S3R3.WAV
#81 - 4 chans AUDIOLAB-TERRYS_FACTORY_WAREHOUSE-B_FORMAT-TERRYS_WAREHOUSE_B_FORMAT.WAV
#82 - 1 chans AUDIOLAB-TERRYS_FACTORY_WAREHOUSE-MONO-TERRYS_WAREHOUSE_OMNI.WAV
#83 - 2 chans AUDIOLAB-TERRYS_FACTORY_WAREHOUSE-STEREO-TERRYS_WAREHOUSE_STEREO.WAV
#84 - 6 chans AUDIOLAB-TERRYS_FACTORY_WAREHOUSE-SURROUND_5_1-TERRYS_WAREHOUSE_5_0.WAV
#85 - 4 chans AUDIOLAB-TERRYS_TYPING_ROOM-B_FORMAT-TERRYS_TYPING_B_FORMAT.WAV
#86 - 1 chans AUDIOLAB-TERRYS_TYPING_ROOM-MONO-TERRYS_TYPING_OMNI.WAV
#87 - 2 chans AUDIOLAB-TERRYS_TYPING_ROOM-STEREO-TERRYS_TYPING_ORTF.WAV
#88 - 6 chans AUDIOLAB-TERRYS_TYPING_ROOM-SURROUND_5_1-TERRYS_TYPING_5_0.WAV
#89 - 4 chans AUDIOLAB-TROLLERS_GILL-B_FORMAT-DALES_SITE1_1WAY_BFORMAT.WAV
#90 - 4 chans AUDIOLAB-TROLLERS_GILL-B_FORMAT-DALES_SITE1_4WAY_BFORMAT.WAV
#91 - 4 chans AUDIOLAB-TROLLERS_GILL-B_FORMAT-DALES_SITE2_1WAY_BFORMAT.WAV
#92 - 4 chans AUDIOLAB-TROLLERS_GILL-B_FORMAT-DALES_SITE2_4WAY_BFORMAT.WAV
#93 - 4 chans AUDIOLAB-TROLLERS_GILL-B_FORMAT-DALES_SITE3_1WAY_BFORMAT.WAV
#94 - 4 chans AUDIOLAB-TROLLERS_GILL-B_FORMAT-DALES_SITE3_4WAY_BFORMAT.WAV
#95 - 1 chans AUDIOLAB-TROLLERS_GILL-MONO-DALES_SITE1_1WAY_MONO.WAV
#96 - 1 chans AUDIOLAB-TROLLERS_GILL-MONO-DALES_SITE1_4WAY_MONO.WAV
#97 - 1 chans AUDIOLAB-TROLLERS_GILL-MONO-DALES_SITE2_1WAY_MONO.WAV
#98 - 1 chans AUDIOLAB-TROLLERS_GILL-MONO-DALES_SITE2_4WAY_MONO.WAV
#99 - 1 chans AUDIOLAB-TROLLERS_GILL-MONO-DALES_SITE3_1WAY_MONO.WAV
#100 - 1 chans AUDIOLAB-TROLLERS_GILL-MONO-DALES_SITE3_4WAY_MONO.WAV
#101 - 4 chans AUDIOLAB-TYNDALL_BRUCE_MONUMENT-B_FORMAT-TYNDALL_BRUCE_B_FORMAT.WAV
#102 - 1 chans AUDIOLAB-TYNDALL_BRUCE_MONUMENT-MONO-TYNDALL_BRUCE_OMNI.WAV
#103 - 2 chans AUDIOLAB-TYNDALL_BRUCE_MONUMENT-STEREO-TYNDALL_BRUCE_ORTF.WAV
#104 - 6 chans AUDIOLAB-TYNDALL_BRUCE_MONUMENT-SURROUND_5_1-TYNDALL_BRUCE_5_0.WAV
#105 - 1 chans AUDIOLAB-VIRTUAL_MEMBRANES-MONO-CIRCULAROUTPUT.WAV
#106 - 1 chans AUDIOLAB-VIRTUAL_MEMBRANES-MONO-PACMANOUT.WAV
#107 - 1 chans AUDIOLAB-VIRTUAL_MEMBRANES-MONO-RADIOACTIVEOUTPUT.WAV
#108 - 4 chans AUDIOLAB-YORK_MINSTER-B_FORMAT-MINSTER1_BFORMAT_48K.WAV
#109 - 2 chans AUDIOLAB-YORK_MINSTER-STEREO-MINSTER1_000_ORTF_48K.WAV
#110 - 4 chans BEN_LAVIN-DIXON_STUDIO_THEATRE_UNIVERSITY-B_FORMAT-R1_RIR_BFORMAT.WAV
#111 - 4 chans BEN_LAVIN-DIXON_STUDIO_THEATRE_UNIVERSITY-B_FORMAT-R2_RIR_BFORMAT.WAV
#112 - 4 chans BEN_LAVIN-DIXON_STUDIO_THEATRE_UNIVERSITY-B_FORMAT-R3_RIR_BFORMAT.WAV
#113 - 4 chans BEN_LAVIN-DIXON_STUDIO_THEATRE_UNIVERSITY-B_FORMAT-R4_RIR_BFORMAT.WAV
#114 - 4 chans BEN_LAVIN-DIXON_STUDIO_THEATRE_UNIVERSITY-B_FORMAT-R5_RIR_BFORMAT.WAV
#115 - 4 chans FSTEVENS-ALCUIN_COLLEGE_UNIVERSITY_YORK-B_FORMAT-ALCUIN_S1R1FRONT_BFORMAT.WAV
#116 - 4 chans FSTEVENS-ALCUIN_COLLEGE_UNIVERSITY_YORK-B_FORMAT-ALCUIN_S1R1_BFORMAT.WAV
#117 - 4 chans FSTEVENS-ALCUIN_COLLEGE_UNIVERSITY_YORK-B_FORMAT-ALCUIN_S1R2FRONT_BFORMAT.WAV
#118 - 4 chans FSTEVENS-ALCUIN_COLLEGE_UNIVERSITY_YORK-B_FORMAT-ALCUIN_S1R2_BFORMAT.WAV
#119 - 4 chans FSTEVENS-ALCUIN_COLLEGE_UNIVERSITY_YORK-B_FORMAT-ALCUIN_S1R3FRONT_BFORMAT.WAV
#120 - 4 chans FSTEVENS-ALCUIN_COLLEGE_UNIVERSITY_YORK-B_FORMAT-ALCUIN_S1R3_BFORMAT.WAV
#121 - 4 chans FSTEVENS-ALCUIN_COLLEGE_UNIVERSITY_YORK-B_FORMAT-ALCUIN_S2R1FRONT_BFORMAT.WAV
#122 - 4 chans FSTEVENS-ALCUIN_COLLEGE_UNIVERSITY_YORK-B_FORMAT-ALCUIN_S2R1_BFORMAT.WAV
#123 - 4 chans FSTEVENS-ALCUIN_COLLEGE_UNIVERSITY_YORK-B_FORMAT-ALCUIN_S2R2FRONT_BFORMAT.WAV
#124 - 4 chans FSTEVENS-ALCUIN_COLLEGE_UNIVERSITY_YORK-B_FORMAT-ALCUIN_S2R2_BFORMAT.WAV
#125 - 4 chans FSTEVENS-ALCUIN_COLLEGE_UNIVERSITY_YORK-B_FORMAT-ALCUIN_S2R3FRONT_BFORMAT.WAV
#126 - 4 chans FSTEVENS-ALCUIN_COLLEGE_UNIVERSITY_YORK-B_FORMAT-ALCUIN_S2R3_BFORMAT.WAV
#127 - 4 chans FSTEVENS-ALCUIN_COLLEGE_UNIVERSITY_YORK-B_FORMAT-ALCUIN_S3R1FRONT_BFORMAT.WAV
#128 - 4 chans FSTEVENS-ALCUIN_COLLEGE_UNIVERSITY_YORK-B_FORMAT-ALCUIN_S3R1_BFORMAT.WAV
#129 - 4 chans FSTEVENS-ALCUIN_COLLEGE_UNIVERSITY_YORK-B_FORMAT-ALCUIN_S4R1_BFORMAT.WAV
#130 - 4 chans FSTEVENS-ALCUIN_COLLEGE_UNIVERSITY_YORK-B_FORMAT-ALCUIN_S4R2_BFORMAT.WAV
#131 - 4 chans FSTEVENS-ALCUIN_COLLEGE_UNIVERSITY_YORK-B_FORMAT-S1R1_SPIST_BFORM.WAV
#132 - 4 chans FSTEVENS-ALCUIN_COLLEGE_UNIVERSITY_YORK-B_FORMAT-S1R2_SPIST_BFORM.WAV
#133 - 4 chans FSTEVENS-ALCUIN_COLLEGE_UNIVERSITY_YORK-B_FORMAT-S1R3_SPIST_BFORM.WAV
#134 - 4 chans FSTEVENS-ALCUIN_COLLEGE_UNIVERSITY_YORK-B_FORMAT-S2R1_SPIST_BFORM.WAV
#135 - 4 chans FSTEVENS-ALCUIN_COLLEGE_UNIVERSITY_YORK-B_FORMAT-S2R2_SPIST_BFORM.WAV
#136 - 4 chans FSTEVENS-ALCUIN_COLLEGE_UNIVERSITY_YORK-B_FORMAT-S2R3_SPIST_BFORM.WAV
#137 - 4 chans FSTEVENS-ALCUIN_COLLEGE_UNIVERSITY_YORK-B_FORMAT-S3R1_SPIST_BFORM.WAV
#138 - 4 chans FSTEVENS-ALCUIN_COLLEGE_UNIVERSITY_YORK-B_FORMAT-S4R1_SPIST_BFORM.WAV
#139 - 4 chans FSTEVENS-ALCUIN_COLLEGE_UNIVERSITY_YORK-B_FORMAT-S4R2_SPIST_BFORM.WAV
#140 - 4 chans GROUP_1-CENTRAL_HALL_UNIVERSITY_YORK-B_FORMAT-IR_CENTRE_STALLS.WAV
#141 - 4 chans GROUP_1-CENTRAL_HALL_UNIVERSITY_YORK-B_FORMAT-IR_ROW_1C_SL_FRONT.WAV
#142 - 4 chans GROUP_1-CENTRAL_HALL_UNIVERSITY_YORK-B_FORMAT-IR_ROW_1L_SL_CENTRE.WAV
#143 - 4 chans GROUP_1-CENTRAL_HALL_UNIVERSITY_YORK-B_FORMAT-IR_ROW_2L_DIAGONAL_MID.WAV
#144 - 4 chans GROUP_1-CENTRAL_HALL_UNIVERSITY_YORK-B_FORMAT-IR_ROW_3C_CENTRE_FRONT.WAV
#145 - 4 chans GROUP_1-CENTRAL_HALL_UNIVERSITY_YORK-B_FORMAT-IR_ROW_3L_CENTRE_MID.WAV
#146 - 1 chans INCULTURE-CASTELLO_DE_GUALTIERIIS_CASTRIG-MONO-IR1.WAV
#147 - 1 chans INCULTURE-CASTELLO_DE_GUALTIERIIS_CASTRIG-MONO-IR10.WAV
#148 - 1 chans INCULTURE-CASTELLO_DE_GUALTIERIIS_CASTRIG-MONO-IR11.WAV
#149 - 1 chans INCULTURE-CASTELLO_DE_GUALTIERIIS_CASTRIG-MONO-IR12.WAV
#150 - 1 chans INCULTURE-CASTELLO_DE_GUALTIERIIS_CASTRIG-MONO-IR13.WAV
#151 - 1 chans INCULTURE-CASTELLO_DE_GUALTIERIIS_CASTRIG-MONO-IR14.WAV
#152 - 1 chans INCULTURE-CASTELLO_DE_GUALTIERIIS_CASTRIG-MONO-IR15.WAV
#153 - 1 chans INCULTURE-CASTELLO_DE_GUALTIERIIS_CASTRIG-MONO-IR16.WAV
#154 - 1 chans INCULTURE-CASTELLO_DE_GUALTIERIIS_CASTRIG-MONO-IR2.WAV
#155 - 1 chans INCULTURE-CASTELLO_DE_GUALTIERIIS_CASTRIG-MONO-IR3.WAV
#156 - 1 chans INCULTURE-CASTELLO_DE_GUALTIERIIS_CASTRIG-MONO-IR4.WAV
#157 - 1 chans INCULTURE-CASTELLO_DE_GUALTIERIIS_CASTRIG-MONO-IR5.WAV
#158 - 1 chans INCULTURE-CASTELLO_DE_GUALTIERIIS_CASTRIG-MONO-IR6.WAV
#159 - 1 chans INCULTURE-CASTELLO_DE_GUALTIERIIS_CASTRIG-MONO-IR7.WAV
#160 - 1 chans INCULTURE-CASTELLO_DE_GUALTIERIIS_CASTRIG-MONO-IR8.WAV
#161 - 1 chans INCULTURE-CASTELLO_DE_GUALTIERIIS_CASTRIG-MONO-IR9.WAV
#162 - 1 chans INCULTURE-CHIESA_DI_SANTO_STEFANO_SOLETO-MONO-IR1.WAV
#163 - 1 chans INCULTURE-CHIESA_DI_SAN_BIAGIO_CALIMERA-MONO-IR1.WAV
#164 - 1 chans INCULTURE-CHIESA_DI_SAN_BIAGIO_CALIMERA-MONO-IR2.WAV
#165 - 1 chans INCULTURE-CHIESA_DI_SAN_BIAGIO_CALIMERA-MONO-IR3.WAV
#166 - 1 chans INCULTURE-CHIESA_DI_SAN_BIAGIO_CALIMERA-MONO-IR4.WAV
#167 - 1 chans INCULTURE-CHIESA_DI_SAN_FRANCESCO_MARTIGN-MONO-IR1___IRMICLONTANO_NEW.WAV
#168 - 1 chans INCULTURE-CHIESA_DI_SAN_FRANCESCO_MARTIGN-MONO-IR2___IRMICVICINO_NEW.WAV
#169 - 1 chans INCULTURE-CHIESA_DI_SAN_LORENZO_PARCO_ARC-MONO-IR1.WAV
#170 - 1 chans INCULTURE-CHIESA_DI_SAN_LORENZO_PARCO_ARC-MONO-IR2.WAV
#171 - 1 chans INCULTURE-CHIESA_DI_SAN_NICOLA_PARCO_ARCH-MONO-CHIESA_DI_SAN_NICOLA_APIGLIANO.WAV
#172 - 1 chans INCULTURE-CHIESA_MADONNA_DEGLI_ANGELI_STE-MONO-IR1.WAV
#173 - 1 chans INCULTURE-CHIESA_MADONNA_DEGLI_ANGELI_STE-MONO-IR2.WAV
#174 - 1 chans INCULTURE-CHIESA_MADONNA_DEGLI_ANGELI_STE-MONO-IR3.WAV
#175 - 1 chans INCULTURE-CISTERNE_DI_MASSERIA_GLORIA_ZOL-MONO-IR1___IR_MASSERIA_GLORIA.WAV
#176 - 1 chans INCULTURE-CRIPTA_DI_SAN_SEBASTIANO_STERNA-MONO-IR1___IRINGRESSO_NEW.WAV
#177 - 1 chans INCULTURE-CRIPTA_DI_SAN_SEBASTIANO_STERNA-MONO-IR2___IRINGRESSODESTRO_NEW.WAV
#178 - 1 chans INCULTURE-CRIPTA_DI_SAN_SEBASTIANO_STERNA-MONO-IR3___IRINFONDO_NEW.WAV
#179 - 1 chans INCULTURE-PIAZZA_SAN_GIORGIO_MELPIGNANO-MONO-IR1.WAV
#180 - 1 chans INCULTURE-PIAZZA_SAN_GIORGIO_MELPIGNANO-MONO-IR2.WAV
#181 - 1 chans INCULTURE-POZZELLE_DI_APIGLIANO_MARTANO-MONO-IR1___SCOPPIOINFERIORE_NEW.WAV
#182 - 1 chans INCULTURE-POZZELLE_DI_APIGLIANO_MARTANO-MONO-IR2___SCOPPIOSUPERIORE_NEW.WAV
#183 - 1 chans INCULTURE-POZZELLE_DI_PIRRO_ZOLLINO-MONO-IR1___IRPOZZELLA1_NEW.WAV
#184 - 1 chans INCULTURE-POZZELLE_DI_PIRRO_ZOLLINO-MONO-IR2___IRPOZZELLA2_NEW.WAV
#185 - 2 chans JOHNNYBECRAFTY-EMPTY_APARTMENT_BEDROOM-STEREO-EMPTY_APARTMENT_BEDROOM_06.WAV
#186 - 1 chans LEORODINO-CAFETERIA_UNIVERSIDAD_SAN_BUENA-MONO-M0003_S01_R01_1.WAV
#187 - 1 chans LIGIDIUM-DOMESTIC_LIVING_ROOM-STEREO-LIVING_ROOM_1.WAV
#188 - 1 chans LIGIDIUM-DOMESTIC_LIVING_ROOM-STEREO-LIVING_ROOM_2.WAV
#189 - 1 chans LIGIDIUM-DOMESTIC_LIVING_ROOM-STEREO-LIVING_ROOM_IN_BEDROOM_1.WAV
#190 - 2 chans MGANGER-BASEMENT-STEREO-S1.WAV
#191 - 2 chans MGANGER-BASEMENT-STEREO-S2.WAV
#192 - 2 chans MGANGER-BASEMENT-STEREO-S3.WAV
#193 - 2 chans MGANGER-BASEMENT-STEREO-S4.WAV
#194 - 2 chans MGANGER-BASEMENT-STEREO-S5.WAV
#195 - 2 chans MGANGER-BASEMENT-STEREO-S6.WAV
#196 - 2 chans MGANGER-BASEMENT-STEREO-S7.WAV
#197 - 2 chans MGANGER-BASEMENT-STEREO-S8.WAV
#198 - 2 chans MGANGER-BASEMENT-STEREO-S9.WAV
#199 - 2 chans MROGALSKY-ELVEDEN_HALL_SUFFOLK_ENGLAND-STEREO-18A_SMOKING_ROOM.WAV
#200 - 2 chans MROGALSKY-ELVEDEN_HALL_SUFFOLK_ENGLAND-STEREO-1A_MARBLE_HALL.WAV
#201 - 2 chans MROGALSKY-ELVEDEN_HALL_SUFFOLK_ENGLAND-STEREO-3A_HATS_CLOAKS_THE_LORD.WAV
#202 - 2 chans MROGALSKY-ELVEDEN_HALL_SUFFOLK_ENGLAND-STEREO-4A_HATS_CLOAKS_VISITORS.WAV
#203 - 2 chans NICK68-ABERNYTE_GRAIN_SILO-STEREO-ABERNYTE_GRAIN_SILO_IR_EDIT.WAV
#204 - 2 chans NICK68-ARBROATH_ABBEY_SACRISTY-STEREO-SACRISTY_EDIT_2.WAV
#205 - 2 chans NICK68-ERROL_BRICKWORKS_ERROL_PERTH_AN-STEREO-ERROL_BRICKWORKS_KILN_IR_EDIT.WAV
#206 - 2 chans NICK68-PERTH_CITY_HALL-STEREO-PERTH_CITY_HALL_BALCONY_IR_EDIT.WAV
#207 - 4 chans SIMON-KOLI_NATIONAL_PARK_WINTER-B_FORMAT-KOLI_SNOW_SITE1_1WAY_BFORMAT.WAV
#208 - 4 chans SIMON-KOLI_NATIONAL_PARK_WINTER-B_FORMAT-KOLI_SNOW_SITE1_4WAY_BFORMAT.WAV
#209 - 4 chans SIMON-KOLI_NATIONAL_PARK_WINTER-B_FORMAT-KOLI_SNOW_SITE2_1WAY_BFORMAT.WAV
#210 - 4 chans SIMON-KOLI_NATIONAL_PARK_WINTER-B_FORMAT-KOLI_SNOW_SITE2_4WAY_BFORMAT.WAV
#211 - 4 chans SIMON-KOLI_NATIONAL_PARK_WINTER-B_FORMAT-KOLI_SNOW_SITE3_1WAY_BFORMAT.WAV
#212 - 4 chans SIMON-KOLI_NATIONAL_PARK_WINTER-B_FORMAT-KOLI_SNOW_SITE3_4WAY_BFORMAT.WAV
#213 - 4 chans SIMON-KOLI_NATIONAL_PARK_WINTER-B_FORMAT-KOLI_SNOW_SITE4_1WAY_BFORMAT.WAV
#214 - 4 chans SIMON-KOLI_NATIONAL_PARK_WINTER-B_FORMAT-KOLI_SNOW_SITE4_4WAY_BFORMAT.WAV
#215 - 1 chans SIMON-KOLI_NATIONAL_PARK_WINTER-MONO-KOLI_SNOW_SITE1_1WAY_MONO.WAV
#216 - 1 chans SIMON-KOLI_NATIONAL_PARK_WINTER-MONO-KOLI_SNOW_SITE1_4WAY_MONO.WAV
#217 - 1 chans SIMON-KOLI_NATIONAL_PARK_WINTER-MONO-KOLI_SNOW_SITE2_1WAY_MONO.WAV
#218 - 1 chans SIMON-KOLI_NATIONAL_PARK_WINTER-MONO-KOLI_SNOW_SITE2_4WAY_MONO.WAV
#219 - 1 chans SIMON-KOLI_NATIONAL_PARK_WINTER-MONO-KOLI_SNOW_SITE3_1WAY_MONO.WAV
#220 - 1 chans SIMON-KOLI_NATIONAL_PARK_WINTER-MONO-KOLI_SNOW_SITE3_4WAY_MONO.WAV
#221 - 1 chans SIMON-KOLI_NATIONAL_PARK_WINTER-MONO-KOLI_SNOW_SITE4_1WAY_MONO.WAV
#222 - 1 chans SIMON-KOLI_NATIONAL_PARK_WINTER-MONO-KOLI_SNOW_SITE4_4WAY_MONO.WAV
#223 - 2 chans SOUNDSLIKEWILLEM-SAINT_LAWRENCE_CHURCH_MOLENBEEK-STEREO-IR_CHURCH_SAINT_LAURENTIUS_MOLE.WAV
#224 - 2 chans TOP_JIMMY-SPOKANE_WOMANS_CLUB-STEREO-SPOKANE_WOMANS_CLUB_IR.WAV
#225 - 4 chans VAAGROUP2-HESLINGTON_CHURCH_VAA_GROUP_2-B_FORMAT-IMPULSERESPONSEHESLINGTONCHURCH.WAV
#226 - 4 chans VAAGROUP2-HESLINGTON_CHURCH_VAA_GROUP_2-B_FORMAT-IMPULSERESPONSEHESLINGTONCHUR_2.WAV
#227 - 4 chans VAAGROUP2-HESLINGTON_CHURCH_VAA_GROUP_2-B_FORMAT-IMPULSERESPONSEHESLINGTONCHUR_3.WAV
#228 - 4 chans VAAGROUP2-HESLINGTON_CHURCH_VAA_GROUP_2-B_FORMAT-IMPULSERESPONSEHESLINGTONCHUR_4.WAV
#229 - 4 chans VAAGROUP2-HESLINGTON_CHURCH_VAA_GROUP_2-B_FORMAT-IMPULSERESPONSEHESLINGTONCHUR_5.WAV
#230 - 4 chans VAAGROUP2-HESLINGTON_CHURCH_VAA_GROUP_2-B_FORMAT-IMPULSERESPONSEHESLINGTONCHUR_6.WAV
#231 - 4 chans VAAGROUP2-HESLINGTON_CHURCH_VAA_GROUP_2-B_FORMAT-IMPULSERESPONSEHESLINGTONCHUR_7.WAV
#232 - 2 chans VALVALION-RAILROAD_TUNNEL_PURNODES_TUNNEL-STEREO-IR_PURNODE_TUNNEL_BALLOON_48K.WAV
Fin
